This is pdfTeX, Version 3.141592653-2.6-1.40.24 (MiKTeX 22.3) (preloaded format=pdflatex 2022.6.7)  26 MAR 2023 13:49
entering extended mode
 restricted \write18 enabled.
 %&-line parsing enabled.
**//wsl.localhost/Ubuntu-18.04/home/fso/ERIKA/document/main.tex
(//wsl.localhost/Ubuntu-18.04/home/fso/ERIKA/document/main.tex
LaTeX2e <2021-11-15> patch level 1
L3 programming layer <2022-02-24>
(C:\Users\felip\AppData\Local\Programs\MiKTeX\tex/latex/revtex\revtex4-2.cls
Document Class: revtex4-2 2020/10/03 4.2e (https://journals.aps.org/revtex/ for
 documentation)
 Copyright (c) 2019 American Physical Society.
 mailto:revtex@aps.org
 Licensed under the LPPL:
http://www.ctan.org/tex-archive/macros/latex/base/lppl.txt
 Arthur Ogawa <arthur_ogawa at sbcglobal dot net>
 Based on work by David Carlisle <david at dcarlisle.demon.co.uk>
 Version (4.2d,4.2e): Modified by Mark Doyle and Phelype Oleinik
 .
ltxutil[2020/10/03 4.2e utilities package (portions licensed from W. E. Baxter 
web at superscript.com)]
LaTeX Info: Redefining \@centercr on input line 356.
Class revtex4-2 Info: Repairing hyperref-unfriendly LaTeX definition of \mpfoot
note on input line 481.
Class revtex4-2 Info: Repairing broken LateX \@sect on input line 803.
\intertabularlinepenalty=\count185
\@tbpen=\count186
\@arstrutbox@hline=\box50
Class revtex4-2 Info: Repairing broken LaTeX \@xbitor on input line 1834.
Class revtex4-2 Info: Making \typeout \long on input line 2099.
ltxfront[2020/10/03 4.2e frontmatter package (AO,DPC,MD)]
\c@affil=\count187
\c@collab=\count188
\absbox=\box51
ltxgrid[2020/10/03 4.2e page grid package (portions licensed from W. E. Baxter 
web at superscript.com)]
\c@linecount=\count189
\output@latex=\toks16
\box@size@1=\box52
\box@size@2=\box53
\@protection@box=\box54
\@topmark@saved=\toks17
\footins@saved=\box55
\footins@recovered=\box56
\column@recovered=\box57
\pagesofar=\box58
\footsofar=\box59
\pagegrid@col=\count190
Class revtex4-2 Info: Overriding \@vspace, \@vspacer, \@no@pgbk, \@newline, and
 \\  on input line 5665.
\c@part=\count191
\c@section=\count192
\c@subsection=\count193
\c@subsubsection=\count194
\c@paragraph=\count195
\c@subparagraph=\count196
\abovecaptionskip=\skip47
\belowcaptionskip=\skip48
\c@figure=\count197
\fbox@1=\box60
\c@table=\count198
\fbox@2=\box61
\c@video=\count199
\fbox@4=\box62
\@bibdataout=\write3
\widetext@top=\box63
\widetext@bot=\box64
Class revtex4-2 Info: Selecting society aapm on input line 7658.
(C:\Users\felip\AppData\Local\Programs\MiKTeX\tex/latex/revtex\aapm4-2.rtx
File: aapm4-2.rtx 
Class revtex4-2 Info: RevTeX society AAPM selected on input line 62.
)
Class revtex4-2 Info: Selecting journal mph on input line 7660.

Using journal substyle mph.
(C:\Users\felip\AppData\Local\Programs\MiKTeX\tex/latex/base\fleqn.clo
File: fleqn.clo 2016/12/29 v1.2b Standard LaTeX option (flush left equations)
\mathindent=\skip49
Applying: [2015/01/01] Make \[ robust on input line 50.
LaTeX Info: Redefining \[ on input line 51.
Already applied: [0000/00/00] Make \[ robust on input line 62.
Applying: [2015/01/01] Make \] robust on input line 74.
LaTeX Info: Redefining \] on input line 75.
Already applied: [0000/00/00] Make \] robust on input line 83.
)
Class revtex4-2 Info: Reading file aps10pt4-2.rtx on input line 7663.

(C:\Users\felip\AppData\Local\Programs\MiKTeX\tex/latex/revtex\aps10pt4-2.rtx
File: aps10pt4-2 2020/10/03 4.2e (https://journals.aps.org/revtex/ for document
ation)
Class revtex4-2 Info: RevTeX pointsize 10pt selected on input line 39.
)
Class revtex4-2 Info: Overriding 10pt on input line 7663.

(C:\Users\felip\AppData\Local\Programs\MiKTeX\tex/latex/textcase\textcase.sty
Package: textcase 2019/09/14 v1.00 Text only upper/lower case changing (DPC)
)
(C:\Users\felip\AppData\Local\Programs\MiKTeX\tex/latex/amsfonts\amssymb.sty
Package: amssymb 2013/01/14 v3.01 AMS font symbols

(C:\Users\felip\AppData\Local\Programs\MiKTeX\tex/latex/amsfonts\amsfonts.sty
Package: amsfonts 2013/01/14 v3.01 Basic AMSFonts support
\@emptytoks=\toks18
\symAMSa=\mathgroup4
\symAMSb=\mathgroup5
LaTeX Font Info:    Redeclaring math symbol \hbar on input line 98.
LaTeX Font Info:    Overwriting math alphabet `\mathfrak' in version `bold'
(Font)                  U/euf/m/n --> U/euf/b/n on input line 106.
)) (C:\Users\felip\AppData\Local\Programs\MiKTeX\tex/latex/amsmath\amsmath.sty
Package: amsmath 2021/10/15 v2.17l AMS math features
\@mathmargin=\skip50

For additional information on amsmath, use the `?' option.
(C:\Users\felip\AppData\Local\Programs\MiKTeX\tex/latex/amsmath\amstext.sty
Package: amstext 2021/08/26 v2.01 AMS text

(C:\Users\felip\AppData\Local\Programs\MiKTeX\tex/latex/amsmath\amsgen.sty
File: amsgen.sty 1999/11/30 v2.0 generic functions
\@emptytoks=\toks19
\ex@=\dimen138
)
LaTeX Info: Redefining \text on input line 28.
)
(C:\Users\felip\AppData\Local\Programs\MiKTeX\tex/latex/amsmath\amsbsy.sty
Package: amsbsy 1999/11/29 v1.2d Bold Symbols
\pmbraise@=\dimen139
)
(C:\Users\felip\AppData\Local\Programs\MiKTeX\tex/latex/amsmath\amsopn.sty
Package: amsopn 2021/08/26 v2.02 operator names
)
\inf@bad=\count266
LaTeX Info: Redefining \frac on input line 234.
\uproot@=\count267
\leftroot@=\count268
LaTeX Info: Redefining \overline on input line 399.
\classnum@=\count269
\DOTSCASE@=\count270
LaTeX Info: Redefining \ldots on input line 496.
LaTeX Info: Redefining \dots on input line 499.
LaTeX Info: Redefining \cdots on input line 620.
\Mathstrutbox@=\box65
\strutbox@=\box66
\big@size=\dimen140
LaTeX Font Info:    Redeclaring font encoding OML on input line 743.
LaTeX Font Info:    Redeclaring font encoding OMS on input line 744.
\macc@depth=\count271
\c@MaxMatrixCols=\count272
\dotsspace@=\muskip16
\c@parentequation=\count273
\dspbrk@lvl=\count274
\tag@help=\toks20
\row@=\count275
\column@=\count276
\maxfields@=\count277
\andhelp@=\toks21
\eqnshift@=\dimen141
\alignsep@=\dimen142
\tagshift@=\dimen143
\tagwidth@=\dimen144
\totwidth@=\dimen145
\lineht@=\dimen146
\@envbody=\toks22
\multlinegap=\skip51
\multlinetaggap=\skip52
\mathdisplay@stack=\toks23
LaTeX Info: Redefining \[ on input line 2938.
LaTeX Info: Redefining \] on input line 2939.
)
(C:\Users\felip\AppData\Local\Programs\MiKTeX\tex/latex/url\url.sty
\Urlmuskip=\muskip17
Package: url 2013/09/16  ver 3.4  Verb mode for urls, etc.
)
(C:\Users\felip\AppData\Local\Programs\MiKTeX\tex/latex/natbib\natbib.sty
Package: natbib 2010/09/13 8.31b (PWD, AO)
\bibhang=\skip53
\bibsep=\skip54
LaTeX Info: Redefining \cite on input line 694.
\c@NAT@ctr=\count278
)
Class revtex4-2 Info: Repairing natbib's \BibitemShut on input line 7665.

(C:\Users\felip\AppData\Local\Programs\MiKTeX\tex/latex/revtex\revsymb4-2.sty
Package: revsymb4-2 2020/10/03 4.2e (https://journals.aps.org/revtex/ for docum
entation)
LaTeX Info: Redefining \frak on input line 104.
LaTeX Info: Redefining \Bbb on input line 120.
LaTeX Info: Redefining \REV@mathfrak on input line 128.
)) (C:\Users\felip\AppData\Local\Programs\MiKTeX\tex/latex/graphics\graphicx.st
y
Package: graphicx 2021/09/16 v1.2d Enhanced LaTeX Graphics (DPC,SPQR)

(C:\Users\felip\AppData\Local\Programs\MiKTeX\tex/latex/graphics\keyval.sty
Package: keyval 2014/10/28 v1.15 key=value parser (DPC)
\KV@toks@=\toks24
)
(C:\Users\felip\AppData\Local\Programs\MiKTeX\tex/latex/graphics\graphics.sty
Package: graphics 2021/03/04 v1.4d Standard LaTeX Graphics (DPC,SPQR)

(C:\Users\felip\AppData\Local\Programs\MiKTeX\tex/latex/graphics\trig.sty
Package: trig 2021/08/11 v1.11 sin cos tan (DPC)
)
(C:\Users\felip\AppData\Local\Programs\MiKTeX\tex/latex/graphics-cfg\graphics.c
fg
File: graphics.cfg 2016/06/04 v1.11 sample graphics configuration
)
Package graphics Info: Driver file: pdftex.def on input line 107.

(C:\Users\felip\AppData\Local\Programs\MiKTeX\tex/latex/graphics-def\pdftex.def
File: pdftex.def 2020/10/05 v1.2a Graphics/color driver for pdftex
))
\Gin@req@height=\dimen147
\Gin@req@width=\dimen148
) (C:\Users\felip\AppData\Local\Programs\MiKTeX\tex/latex/tools\dcolumn.sty
Package: dcolumn 2014/10/28 v1.06 decimal alignment package (DPC)

(C:\Users\felip\AppData\Local\Programs\MiKTeX\tex/latex/tools\array.sty
Package: array 2021/10/04 v2.5f Tabular extension package (FMi)
\col@sep=\dimen149
\ar@mcellbox=\box67
\extrarowheight=\dimen150
\NC@list=\toks25
\extratabsurround=\skip55
\backup@length=\skip56
\ar@cellbox=\box68
))
(C:\Users\felip\AppData\Local\Programs\MiKTeX\tex/latex/tools\bm.sty
Package: bm 2021/04/25 v1.2e Bold Symbol Support (DPC/FMi)
\symboldoperators=\mathgroup6
\symboldletters=\mathgroup7
\symboldsymbols=\mathgroup8
Package bm Info: No bold for \OMX/cmex/m/n, using \pmb.
Package bm Info: No bold for \U/msa/m/n, using \pmb.
Package bm Info: No bold for \U/msb/m/n, using \pmb.
LaTeX Font Info:    Redeclaring math alphabet \mathbf on input line 149.
LaTeX Info: Redefining \bm on input line 218.
)
(C:\Users\felip\AppData\Local\Programs\MiKTeX\tex/latex/mathtools\mathtools.sty
Package: mathtools 2022/06/29 v1.29 mathematical typesetting tools
(C:\Users\felip\AppData\Local\Programs\MiKTeX\tex/latex/tools\calc.sty
Package: calc 2017/05/25 v4.3 Infix arithmetic (KKT,FJ)
\calc@Acount=\count279
\calc@Bcount=\count280
\calc@Adimen=\dimen151
\calc@Bdimen=\dimen152
\calc@Askip=\skip57
\calc@Bskip=\skip58
LaTeX Info: Redefining \setlength on input line 80.
LaTeX Info: Redefining \addtolength on input line 81.
\calc@Ccount=\count281
\calc@Cskip=\skip59
)
(C:\Users\felip\AppData\Local\Programs\MiKTeX\tex/latex/mathtools\mhsetup.sty
Package: mhsetup 2021/03/18 v1.4 programming setup (MH)
)
\g_MT_multlinerow_int=\count282
\l_MT_multwidth_dim=\dimen153
\origjot=\skip60
\l_MT_shortvdotswithinadjustabove_dim=\dimen154
\l_MT_shortvdotswithinadjustbelow_dim=\dimen155
\l_MT_above_intertext_sep=\dimen156
\l_MT_below_intertext_sep=\dimen157
\l_MT_above_shortintertext_sep=\dimen158
\l_MT_below_shortintertext_sep=\dimen159
\xmathstrut@box=\box69
\xmathstrut@dim=\dimen160
) (C:\Users\felip\AppData\Local\Programs\MiKTeX\tex/latex/lineno\lineno.sty
Package: lineno 2023/01/19 line numbers on paragraphs v5.1
\linenopenalty=\count283
\output=\toks26
\linenoprevgraf=\count284
\linenumbersep=\dimen161
\linenumberwidth=\dimen162
\c@linenumber=\count285
\c@pagewiselinenumber=\count286
\c@LN@truepage=\count287
\c@internallinenumber=\count288
\c@internallinenumbers=\count289
\quotelinenumbersep=\dimen163
\bframerule=\dimen164
\bframesep=\dimen165
\bframebox=\box70

(C:\Users\felip\AppData\Local\Programs\MiKTeX\tex/latex/etoolbox\etoolbox.sty
Package: etoolbox 2020/10/05 v2.5k e-TeX tools for LaTeX (JAW)
\etb@tempcnta=\count290
)
\linenoamsmath@ams@eqpen=\count291
LaTeX Info: Redefining \\ on input line 3131.
)
Class revtex4-2 Info: Unrecognized array package. Please update this document c
lass! (Proceeding with fingers crossed.) on input line 18.
Class revtex4-2 Info: cite was not loaded (OK!) on input line 18.
Class revtex4-2 Info: mcite was not loaded (OK!) on input line 18.
Class revtex4-2 Info: multicol was not loaded (OK!) on input line 18.

(C:\Users\felip\AppData\Local\Programs\MiKTeX\tex/latex/l3backend\l3backend-pdf
tex.def
File: l3backend-pdftex.def 2022-02-07 L3 backend support: PDF output (pdfTeX)
\l__color_backend_stack_int=\count292
\l__pdf_internal_box=\box71
)
No file main.aux.
\openout1 = `main.aux'.

LaTeX Font Info:    Checking defaults for OML/cmm/m/it on input line 18.
LaTeX Font Info:    ... okay on input line 18.
LaTeX Font Info:    Checking defaults for OMS/cmsy/m/n on input line 18.
LaTeX Font Info:    ... okay on input line 18.
LaTeX Font Info:    Checking defaults for OT1/cmr/m/n on input line 18.
LaTeX Font Info:    ... okay on input line 18.
LaTeX Font Info:    Checking defaults for T1/cmr/m/n on input line 18.
LaTeX Font Info:    ... okay on input line 18.
LaTeX Font Info:    Checking defaults for TS1/cmr/m/n on input line 18.
LaTeX Font Info:    ... okay on input line 18.
LaTeX Font Info:    Checking defaults for OMX/cmex/m/n on input line 18.
LaTeX Font Info:    ... okay on input line 18.
LaTeX Font Info:    Checking defaults for U/cmr/m/n on input line 18.
LaTeX Font Info:    ... okay on input line 18.

(C:\Users\felip\AppData\Local\Programs\MiKTeX\tex/context/base/mkii\supp-pdf.mk
ii
[Loading MPS to PDF converter (version 2006.09.02).]
\scratchcounter=\count293
\scratchdimen=\dimen166
\scratchbox=\box72
\nofMPsegments=\count294
\nofMParguments=\count295
\everyMPshowfont=\toks27
\MPscratchCnt=\count296
\MPscratchDim=\dimen167
\MPnumerator=\count297
\makeMPintoPDFobject=\count298
\everyMPtoPDFconversion=\toks28
)
(C:\Users\felip\AppData\Local\Programs\MiKTeX\tex/latex/epstopdf-pkg\epstopdf-b
ase.sty
Package: epstopdf-base 2020-01-24 v2.11 Base part for package epstopdf
Package epstopdf-base Info: Redefining graphics rule for `.eps' on input line 4
85.

(C:\Users\felip\AppData\Local\Programs\MiKTeX\tex/latex/00miktex\epstopdf-sys.c
fg
File: epstopdf-sys.cfg 2021/03/18 v2.0 Configuration of epstopdf for MiKTeX
))
Class revtex4-2 Info: Overriding lineo.sty, restoring output routine, on input 
line 18.
Class revtex4-2 Info: Line numbering not turned on yet on input line 18.
\openout3 = `mainNotes.bib'.

Class revtex4-2 Info: Overriding \@LN@LLerror on input line 18.


Class revtex4-2 Warning: Assuming \noaffiliation for authors.

LaTeX Font Info:    Trying to load font information for U+msa on input line 39.

(C:\Users\felip\AppData\Local\Programs\MiKTeX\tex/latex/amsfonts\umsa.fd
File: umsa.fd 2013/01/14 v3.01 AMS symbols A
)
LaTeX Font Info:    Trying to load font information for U+msb on input line 39.


(C:\Users\felip\AppData\Local\Programs\MiKTeX\tex/latex/amsfonts\umsb.fd
File: umsb.fd 2013/01/14 v3.01 AMS symbols B
)
(//wsl.localhost/Ubuntu-18.04/home/fso/ERIKA/document\introduction.tex)
(//wsl.localhost/Ubuntu-18.04/home/fso/ERIKA/document\simulationDescription.tex

LaTeX Warning: Reference `SpacePotentialAndField' on page 1 undefined on input 
line 2.


LaTeX Warning: Reference `IonTrajectory' on page 1 undefined on input line 2.


LaTeX Warning: Reference `SpacePotentialAndField' on page 1 undefined on input 
line 2.


LaTeX Warning: Reference `IonCollision' on page 1 undefined on input line 2.


LaTeX Font Warning: Font shape `OT1/cmss/m/n' in size <9.5> not available
(Font)              size <9> substituted on input line 4.


LaTeX Font Warning: Font shape `OT1/cmss/bx/n' in size <9.5> not available
(Font)              size <9> substituted on input line 4.


LaTeX Warning: Reference `RFEA' on page 1 undefined on input line 5.


LaTeX Warning: Reference `SheathModel' on page 1 undefined on input line 5.


LaTeX Font Warning: Font shape `OT1/cmss/bx/it' undefined
(Font)              using `OT1/cmss/bx/n' instead on input line 7.


Package natbib Warning: Citation `Hutchinson1987' on page 1 undefined on input 
line 8.


Package natbib Warning: Citation `vandeVen2018' on page 1 undefined on input li
ne 10.


Package natbib Warning: Citation `Buiter2018' on page 1 undefined on input line
 10.


Underfull \hbox (badness 5696) in paragraph at lines 10--11
[]\OT1/cmr/m/n/10 The model as-sumes that the grids and non-
 []

[1{C:/Users/felip/AppData/Local/MiKTeX/fonts/map/pdftex/pdftex.map}]

LaTeX Warning: Reference `fig:DCpotentialField' on page 2 undefined on input li
ne 14.


LaTeX Font Warning: Font shape `OT1/cmss/bx/it' in size <9.5> not available
(Font)              size <9> substituted on input line 17.


Package natbib Warning: Citation `Lieberman2005' on page 2 undefined on input l
ine 18.


Package natbib Warning: Citation `Lieberman1988' on page 2 undefined on input l
ine 18.


LaTeX Warning: Reference `fig:DCpotentialField' on page 2 undefined on input li
ne 42.

<Figures/VEz2DC1kVStack2332.jpeg, id=13, 1505.625pt x 1882.03125pt>
File: Figures/VEz2DC1kVStack2332.jpeg Graphic file (type jpg)
<use Figures/VEz2DC1kVStack2332.jpeg>
Package pdftex.def Info: Figures/VEz2DC1kVStack2332.jpeg  used on input line 46
.
(pdftex.def)             Requested size: 229.49844pt x 286.85858pt.

Package natbib Warning: Citation `Lieberman1988' on page 2 undefined on input l
ine 53.

[2]

LaTeX Warning: A float is stuck (cannot be placed); try class option [floatfix]
 on input line 68.


LaTeX Warning: Reference `fig:ACpotentialField' on page 3 undefined on input li
ne 88.

<Figures/VEz2Pa13.56MHz2kVStack2332.jpeg, id=20, 1505.625pt x 1882.03125pt>
File: Figures/VEz2Pa13.56MHz2kVStack2332.jpeg Graphic file (type jpg)
<use Figures/VEz2Pa13.56MHz2kVStack2332.jpeg>
Package pdftex.def Info: Figures/VEz2Pa13.56MHz2kVStack2332.jpeg  used on input
 line 92.
(pdftex.def)             Requested size: 229.49844pt x 286.85858pt.

LaTeX Warning: Reference `fig:CollisionlessACtrajectory' on page 3 undefined on
 input line 111.


LaTeX Warning: Reference `fig:ACpotentialField' on page 3 undefined on input li
ne 111.

[3 <//wsl.localhost/Ubuntu-18.04/home/fso/ERIKA/document/Figures/VEz2DC1kVStack
2332.jpeg> <//wsl.localhost/Ubuntu-18.04/home/fso/ERIKA/document/Figures/VEz2Pa
13.56MHz2kVStack2332.jpeg>]
<Figures/ionTrajectory2Pa13.56MHz2kVStack2332_Collisionless.jpeg, id=29, 1505.6
25pt x 1882.03125pt>
File: Figures/ionTrajectory2Pa13.56MHz2kVStack2332_Collisionless.jpeg Graphic f
ile (type jpg)
<use Figures/ionTrajectory2Pa13.56MHz2kVStack2332_Collisionless.jpeg>
Package pdftex.def Info: Figures/ionTrajectory2Pa13.56MHz2kVStack2332_Collision
less.jpeg  used on input line 115.
(pdftex.def)             Requested size: 229.49844pt x 286.85858pt.


LaTeX Warning: Reference `fig:ACpotentialField' on page 4 undefined on input li
ne 116.


LaTeX Warning: Reference `fig:ACpotentialField' on page 4 undefined on input li
ne 116.


Package natbib Warning: Citation `LXCat' on page 4 undefined on input line 128.



Package natbib Warning: Citation `Phelps1994' on page 4 undefined on input line
 128.


LaTeX Warning: Reference `fig:CrossSectionsArgon' on page 4 undefined on input 
line 128.

<Figures/CrossSections.jpg, id=30, 1505.625pt x 940.51375pt>
File: Figures/CrossSections.jpg Graphic file (type jpg)
<use Figures/CrossSections.jpg>
Package pdftex.def Info: Figures/CrossSections.jpg  used on input line 132.
(pdftex.def)             Requested size: 229.49844pt x 143.35278pt.

Package natbib Warning: Citation `Phelps1994' on page 4 undefined on input line
 133.


Package natbib Warning: Citation `LXCat' on page 4 undefined on input line 133.



Package natbib Warning: Citation `Phelps1994' on page 4 undefined on input line
 133.


Package natbib Warning: Citation `LXCat' on page 4 undefined on input line 133.


[4 <//wsl.localhost/Ubuntu-18.04/home/fso/ERIKA/document/Figures/ionTrajectory2
Pa13.56MHz2kVStack2332_Collisionless.jpeg> <//wsl.localhost/Ubuntu-18.04/home/f
so/ERIKA/document/Figures/CrossSections.jpg>]

LaTeX Warning: Reference `fig:CollisionACtrajectory' on page 5 undefined on inp
ut line 152.


LaTeX Warning: Reference `fig:ACpotentialField' on page 5 undefined on input li
ne 152.


Package natbib Warning: Citation `Wild1991' on page 5 undefined on input line 1
52.

<Figures/ionTrajectory2Pa13.56MHz2kVStack2332.jpeg, id=37, 1505.625pt x 1882.03
125pt>
File: Figures/ionTrajectory2Pa13.56MHz2kVStack2332.jpeg Graphic file (type jpg)

<use Figures/ionTrajectory2Pa13.56MHz2kVStack2332.jpeg>
Package pdftex.def Info: Figures/ionTrajectory2Pa13.56MHz2kVStack2332.jpeg  use
d on input line 156.
(pdftex.def)             Requested size: 229.49844pt x 286.85858pt.

LaTeX Warning: Reference `fig:ACpotentialField' on page 5 undefined on input li
ne 157.


LaTeX Warning: Reference `fig:ACpotentialField' on page 5 undefined on input li
ne 157.

) (//wsl.localhost/Ubuntu-18.04/home/fso/ERIKA/document\results.tex
! Undefined control sequence.
<recently read> \m 
                   
l.12 ...tory is followed for a total time of 1~$\m
                                                  $s.
? r
OK, entering \nonstopmode...
<Figures/IVcurve.jpeg, id=38, 602.25pt x 602.25pt>
File: Figures/IVcurve.jpeg Graphic file (type jpg)
<use Figures/IVcurve.jpeg>
Package pdftex.def Info: Figures/IVcurve.jpeg  used on input line 17.
(pdftex.def)             Requested size: 229.49844pt x 229.50064pt.
)
No file main.bbl.

Package natbib Warning: There were undefined citations.

[5 <//wsl.localhost/Ubuntu-18.04/home/fso/ERIKA/document/Figures/ionTrajectory2
Pa13.56MHz2kVStack2332.jpeg> <//wsl.localhost/Ubuntu-18.04/home/fso/ERIKA/docum
ent/Figures/IVcurve.jpeg>] (main.aux)

LaTeX Font Warning: Size substitutions with differences
(Font)              up to 0.5pt have occurred.


LaTeX Font Warning: Some font shapes were not available, defaults substituted.


LaTeX Warning: There were undefined references.


LaTeX Warning: Label(s) may have changed. Rerun to get cross-references right.

 ) 
Here is how much of TeX's memory you used:
 5982 strings out of 478582
 90980 string characters out of 2844345
 413941 words of memory out of 3000000
 24076 multiletter control sequences out of 15000+600000
 482042 words of font info for 74 fonts, out of 8000000 for 9000
 1141 hyphenation exceptions out of 8191
 69i,9n,76p,1504b,431s stack positions out of 10000i,1000n,20000p,200000b,80000s
 <C:\Users\felip\AppData\Local\MiKTeX\fonts/pk/ljfour/jknappen/ec/dpi600\tcrm
1000.pk><C:/Users/felip/AppData/Local/Programs/MiKTeX/fonts/type1/public/amsfon
ts/cm/cmbx10.pfb><C:/Users/felip/AppData/Local/Programs/MiKTeX/fonts/type1/publ
ic/amsfonts/cm/cmbx6.pfb><C:/Users/felip/AppData/Local/Programs/MiKTeX/fonts/ty
pe1/public/amsfonts/cm/cmbx7.pfb><C:/Users/felip/AppData/Local/Programs/MiKTeX/
fonts/type1/public/amsfonts/cm/cmbx8.pfb><C:/Users/felip/AppData/Local/Programs
/MiKTeX/fonts/type1/public/amsfonts/cm/cmcsc10.pfb><C:/Users/felip/AppData/Loca
l/Programs/MiKTeX/fonts/type1/public/amsfonts/cm/cmex10.pfb><C:/Users/felip/App
Data/Local/Programs/MiKTeX/fonts/type1/public/amsfonts/cm/cmmi10.pfb><C:/Users/
felip/AppData/Local/Programs/MiKTeX/fonts/type1/public/amsfonts/cm/cmmi7.pfb><C
:/Users/felip/AppData/Local/Programs/MiKTeX/fonts/type1/public/amsfonts/cm/cmmi
8.pfb><C:/Users/felip/AppData/Local/Programs/MiKTeX/fonts/type1/public/amsfonts
/cm/cmr10.pfb><C:/Users/felip/AppData/Local/Programs/MiKTeX/fonts/type1/public/
amsfonts/cm/cmr5.pfb><C:/Users/felip/AppData/Local/Programs/MiKTeX/fonts/type1/
public/amsfonts/cm/cmr6.pfb><C:/Users/felip/AppData/Local/Programs/MiKTeX/fonts
/type1/public/amsfonts/cm/cmr7.pfb><C:/Users/felip/AppData/Local/Programs/MiKTe
X/fonts/type1/public/amsfonts/cm/cmr8.pfb><C:/Users/felip/AppData/Local/Program
s/MiKTeX/fonts/type1/public/amsfonts/cm/cmss10.pfb><C:/Users/felip/AppData/Loca
l/Programs/MiKTeX/fonts/type1/public/amsfonts/cm/cmssbx10.pfb><C:/Users/felip/A
ppData/Local/Programs/MiKTeX/fonts/type1/public/amsfonts/cm/cmsy10.pfb><C:/User
s/felip/AppData/Local/Programs/MiKTeX/fonts/type1/public/amsfonts/cm/cmsy7.pfb>
<C:/Users/felip/AppData/Local/Programs/MiKTeX/fonts/type1/public/amsfonts/cm/cm
sy8.pfb>
Output written on main.pdf (5 pages, 2573883 bytes).
PDF statistics:
 124 PDF objects out of 1000 (max. 8388607)
 0 named destinations out of 1000 (max. 500000)
 31 words of extra memory for PDF output out of 10000 (max. 10000000)

